  [1m[35m (0.2ms)[0m  [1m[34mSELECT sqlite_version(*)[0m
  [1m[35m (10.8ms)[0m  [1m[35mCREATE TABLE "schema_migrations" ("version" varchar NOT NULL PRIMARY KEY)[0m
  [1m[35m (7.0ms)[0m  [1m[35mCREATE TABLE "ar_internal_metadata" ("key" varchar NOT NULL PRIMARY KEY, "value" varchar, "created_at" datetime NOT NULL, "updated_at" datetime NOT NULL)[0m
  [1m[35m (0.2ms)[0m  [1m[34mSELECT "schema_migrations"."version" FROM "schema_migrations" ORDER BY "schema_migrations"."version" ASC[0m
Migrating to CreateZombies (20171118212720)
  [1m[35m (0.1ms)[0m  [1m[36mbegin transaction[0m
  [1m[35m (2.0ms)[0m  [1m[35mCREATE TABLE "zombies" ("id" INTEGER PRIMARY KEY AUTOINCREMENT NOT NULL, "name" varchar, "bio" text, "age" integer, "created_at" datetime NOT NULL, "updated_at" datetime NOT NULL)[0m
  [1m[35mSQL (0.3ms)[0m  [1m[32mINSERT INTO "schema_migrations" ("version") VALUES (?)[0m  [["version", "20171118212720"]]
  [1m[35m (11.7ms)[0m  [1m[36mcommit transaction[0m
  [1m[36mActiveRecord::InternalMetadata Load (0.2ms)[0m  [1m[34mSELECT  "ar_internal_metadata".* FROM "ar_internal_metadata" WHERE "ar_internal_metadata"."key" = ? LIMIT ?[0m  [["key", "environment"], ["LIMIT", 1]]
  [1m[35m (0.1ms)[0m  [1m[36mbegin transaction[0m
  [1m[35mSQL (2.2ms)[0m  [1m[32mINSERT INTO "ar_internal_metadata" ("key", "value", "created_at", "updated_at") VALUES (?, ?, ?, ?)[0m  [["key", "environment"], ["value", "development"], ["created_at", "2017-11-18 21:33:43.852995"], ["updated_at", "2017-11-18 21:33:43.852995"]]
  [1m[35m (9.7ms)[0m  [1m[36mcommit transaction[0m
  [1m[35m (0.1ms)[0m  [1m[34mSELECT "schema_migrations"."version" FROM "schema_migrations" ORDER BY "schema_migrations"."version" ASC[0m
Started GET "/" for 127.0.0.1 at 2017-11-18 23:36:02 +0200
  [1m[35m (0.3ms)[0m  [1m[34mSELECT "schema_migrations"."version" FROM "schema_migrations" ORDER BY "schema_migrations"."version" ASC[0m
Processing by Rails::WelcomeController#index as HTML
  Rendering /home/rghost/.rvm/gems/ruby-2.3.3/gems/railties-5.1.4/lib/rails/templates/rails/welcome/index.html.erb
  Rendered /home/rghost/.rvm/gems/ruby-2.3.3/gems/railties-5.1.4/lib/rails/templates/rails/welcome/index.html.erb (4.5ms)
Completed 200 OK in 51ms (Views: 12.5ms | ActiveRecord: 0.0ms)


  [1m[35m (0.1ms)[0m  [1m[36mbegin transaction[0m
  [1m[35mSQL (2.7ms)[0m  [1m[32mINSERT INTO "zombies" ("name", "age", "created_at", "updated_at") VALUES (?, ?, ?, ?)[0m  [["name", "Eric Allam"], ["age", 27], ["created_at", "2017-11-18 21:37:50.943176"], ["updated_at", "2017-11-18 21:37:50.943176"]]
  [1m[35m (14.1ms)[0m  [1m[36mcommit transaction[0m
  [1m[36mZombie Load (0.3ms)[0m  [1m[34mSELECT  "zombies".* FROM "zombies" ORDER BY "zombies"."id" ASC LIMIT ?[0m  [["LIMIT", 1]]
  [1m[35m (0.1ms)[0m  [1m[36mbegin transaction[0m
  [1m[35m (0.1ms)[0m  [1m[36mcommit transaction[0m
  [1m[35m (0.2ms)[0m  [1m[34mSELECT "schema_migrations"."version" FROM "schema_migrations" ORDER BY "schema_migrations"."version" ASC[0m
Migrating to AddEmailAndRottingToZombies (20171118214731)
  [1m[35m (0.1ms)[0m  [1m[36mbegin transaction[0m
  [1m[35m (3.4ms)[0m  [1m[35mALTER TABLE "zombies" ADD "email" varchar[0m
  [1m[35m (0.2ms)[0m  [1m[35mALTER TABLE "zombies" ADD "rotting" boolean DEFAULT 'f'[0m
  [1m[35mSQL (0.2ms)[0m  [1m[32mINSERT INTO "schema_migrations" ("version") VALUES (?)[0m  [["version", "20171118214731"]]
  [1m[35m (14.1ms)[0m  [1m[36mcommit transaction[0m
  [1m[36mActiveRecord::InternalMetadata Load (8.4ms)[0m  [1m[34mSELECT  "ar_internal_metadata".* FROM "ar_internal_metadata" WHERE "ar_internal_metadata"."key" = ? LIMIT ?[0m  [["key", "environment"], ["LIMIT", 1]]
  [1m[35m (0.1ms)[0m  [1m[36mbegin transaction[0m
  [1m[35m (0.1ms)[0m  [1m[36mcommit transaction[0m
  [1m[35m (0.1ms)[0m  [1m[34mSELECT "schema_migrations"."version" FROM "schema_migrations" ORDER BY "schema_migrations"."version" ASC[0m
